#
# A fatal error has been detected by the Java Runtime Environment:
#
#  EXCEPTION_ACCESS_VIOLATION (0xc0000005) at pc=0x00007ffa3fcd8530, pid=16540, tid=21648
#
# JRE version: Java(TM) SE Runtime Environment (15.0.2+7) (build 15.0.2+7-27)
# Java VM: Java HotSpot(TM) 64-Bit Server VM (15.0.2+7-27, mixed mode, sharing, tiered, compressed oops, g1 gc, windows-amd64)
# Problematic frame:
# C  [atio6axx.dll+0xc58530]
#
# No core dump will be written. Minidumps are not enabled by default on client versions of Windows
#
# If you would like to submit a bug report, please visit:
#   https://bugreport.java.com/bugreport/crash.jsp
# The crash happened outside the Java Virtual Machine in native code.
# See problematic frame for where to report the bug.
#

---------------  S U M M A R Y ------------

Command Line: -Dfile.encoding=Cp1252 -XX:+ShowCodeDetailsInExceptionMessages com.OpenGL.Main

Host: AMD Ryzen 7 2700X Eight-Core Processor         , 16 cores, 7G,  Windows 10 , 64 bit Build 19041 (10.0.19041.1023)
Time: Tue Jul  6 22:58:00 2021 Eastern Daylight Time elapsed time: 0.930369 seconds (0d 0h 0m 0s)

---------------  T H R E A D  ---------------

Current thread (0x0000012cfd1e56a0):  JavaThread "main" [_thread_in_native, id=21648, stack(0x0000002120b00000,0x0000002120c00000)]

Stack: [0x0000002120b00000,0x0000002120c00000],  sp=0x0000002120bfee10,  free space=1019k
Native frames: (J=compiled Java code, j=interpreted, Vv=VM code, C=native code)
C  [atio6axx.dll+0xc58530]

Java frames: (J=compiled Java code, j=interpreted, Vv=VM code)
j  org.lwjgl.opengl.GL11C.nglDrawElements(IIIJ)V+0
j  org.lwjgl.opengl.GL11C.glDrawElements(IIIJ)V+4
j  org.lwjgl.opengl.GL11.glDrawElements(IIIJ)V+4
j  com.OpenGL.Utils.Mesh.render()V+22
j  com.OpenGL.MainLoop.Loop.Render()V+11
j  com.OpenGL.Window.Window.run()V+102
j  com.OpenGL.Main.main([Ljava/lang/String;)V+25
v  ~StubRoutines::call_stub

siginfo: EXCEPTION_ACCESS_VIOLATION (0xc0000005), reading address 0x0000000000000002


Register to memory mapping:

RIP=0x00007ffa3fcd8530 atio6axx.dll
RAX=0x0 is NULL
RBX=0x0000000000000002 is an unknown value
RCX=0x0 is NULL
RDX=0x0000000000000002 is an unknown value
RSP=0x0000002120bfee10 is pointing into the stack for thread: 0x0000012cfd1e56a0
RBP=0x0000012c9f430040 points into unknown readable memory: 0x0000012c9dcd6dd0 | d0 6d cd 9d 2c 01 00 00
RSI=0x0 is NULL
RDI=0x0000012ca3946000 points into unknown readable memory: 0x0000000000000000 | 00 00 00 00 00 00 00 00
R8 =0x0000000000000003 is an unknown value
R9 =0x0 is NULL
R10=0x0000012ca3946000 points into unknown readable memory: 0x0000000000000000 | 00 00 00 00 00 00 00 00
R11=0x0000002120bfee30 is pointing into the stack for thread: 0x0000012cfd1e56a0
R12=0x0000012c9f430878 points into unknown readable memory: 0x0000012c9f430040 | 40 00 43 9f 2c 01 00 00
R13=0x0000000000000018 is an unknown value
R14=0x0000012c9f452d00 points into unknown readable memory: 0x0000012c9f430040 | 40 00 43 9f 2c 01 00 00
R15=0x0000000000000006 is an unknown value


Registers:
RAX=0x0000000000000000, RBX=0x0000000000000002, RCX=0x0000000000000000, RDX=0x0000000000000002
RSP=0x0000002120bfee10, RBP=0x0000012c9f430040, RSI=0x0000000000000000, RDI=0x0000012ca3946000
R8 =0x0000000000000003, R9 =0x0000000000000000, R10=0x0000012ca3946000, R11=0x0000002120bfee30
R12=0x0000012c9f430878, R13=0x0000000000000018, R14=0x0000012c9f452d00, R15=0x0000000000000006
RIP=0x00007ffa3fcd8530, EFLAGS=0x0000000000010206

Top of Stack: (sp=0x0000002120bfee10)
0x0000002120bfee10:   0000000000000001 0000002120bfef00
0x0000002120bfee20:   0000000000000000 0000000000000000
0x0000002120bfee30:   0000012c9f430040 00007ffa3fc45062
0x0000002120bfee40:   0000000000000002 0000012c9f430040
0x0000002120bfee50:   0000000000000000 0000000000000000
0x0000002120bfee60:   0000012ca5ed20d8 0000012c9f4300d8
0x0000002120bfee70:   0000000000000004 0000000000000006
0x0000002120bfee80:   0000000000000002 0000000000000000
0x0000002120bfee90:   0000000000001400 00007ffa3fc47adc
0x0000002120bfeea0:   0000012c9f430040 0000012c9f452d00
0x0000002120bfeeb0:   0000002120bfef39 ffffffffffffffff
0x0000002120bfeec0:   0000000000000000 00007ffa40d146bc
0x0000002120bfeed0:   0000000000000001 0000012cfd1e56a0
0x0000002120bfeee0:   0000002120bff0b0 00007ff9ddc580c3
0x0000002120bfeef0:   0000000000000000 0000000000000001
0x0000002120bfef00:   0000012c9f567d60 0000012c9f3fd8c0 

Instructions: (pc=0x00007ffa3fcd8530)
0x00007ffa3fcd8430:   00 45 85 c9 0f 84 bd 00 00 00 45 33 db 41 8b c8
0x00007ffa3fcd8440:   4c 8d 04 8a 49 3b d0 41 0f 47 cb 48 85 c9 0f 84
0x00007ffa3fcd8450:   7c 00 00 00 48 83 f9 10 72 76 48 89 5c 24 20 48
0x00007ffa3fcd8460:   8d 42 fc 48 8d 04 88 49 8d 5a fc 48 8d 1c 8b 4c
0x00007ffa3fcd8470:   3b d0 77 05 48 3b da 73 52 48 83 e1 f0 0f 1f 00
0x00007ffa3fcd8480:   f3 0f 6f 02 49 83 c3 10 66 0f fe c1 f3 41 0f 7f
0x00007ffa3fcd8490:   02 f3 0f 6f 42 10 66 0f fe c1 f3 41 0f 7f 42 10
0x00007ffa3fcd84a0:   f3 0f 6f 42 20 66 0f fe c1 f3 41 0f 7f 42 20 f3
0x00007ffa3fcd84b0:   0f 6f 42 30 48 83 c2 40 66 0f fe c1 f3 41 0f 7f
0x00007ffa3fcd84c0:   42 30 49 83 c2 40 4c 3b d9 72 b5 48 8b 5c 24 20
0x00007ffa3fcd84d0:   49 3b d0 0f 83 87 00 00 00 4c 2b d2 0f 1f 40 00
0x00007ffa3fcd84e0:   8b 0a 41 03 c9 41 89 0c 12 48 83 c2 04 49 3b d0
0x00007ffa3fcd84f0:   72 ee 48 83 c4 28 c3 42 8d 0c 85 00 00 00 00 81
0x00007ffa3fcd8500:   f9 00 02 00 00 76 0f 44 8b c1 49 8b ca 48 83 c4
0x00007ffa3fcd8510:   28 e9 ea a8 e2 ff 44 8b c1 41 83 e0 f8 41 2b c8
0x00007ffa3fcd8520:   41 c1 e8 03 45 85 c0 74 1b 0f 1f 80 00 00 00 00
0x00007ffa3fcd8530:   48 8b 02 48 83 c2 08 49 89 02 49 83 c2 08 41 83
0x00007ffa3fcd8540:   c0 ff 75 ec 85 c9 74 18 4c 2b d2 0f 1f 44 00 00
0x00007ffa3fcd8550:   0f b6 02 41 88 04 12 48 8d 52 01 83 c1 ff 75 f0
0x00007ffa3fcd8560:   48 83 c4 28 c3 cc cc cc cc cc cc cc cc cc cc cc
0x00007ffa3fcd8570:   44 89 4c 24 20 44 89 44 24 18 48 89 54 24 10 48
0x00007ffa3fcd8580:   89 4c 24 08 55 53 56 57 41 54 41 55 41 56 41 57
0x00007ffa3fcd8590:   48 8d 6c 24 e8 48 81 ec 18 01 00 00 48 8b 0d 0d
0x00007ffa3fcd85a0:   4e e6 01 41 8b f9 41 8b f0 48 8b da e8 0f 6c c4
0x00007ffa3fcd85b0:   ff 80 3d 02 4e e6 01 00 75 0d 80 3d f7 4d e6 01
0x00007ffa3fcd85c0:   00 0f 84 d0 08 00 00 48 8b 93 a8 d8 03 00 45 33
0x00007ffa3fcd85d0:   ed 45 8b fd 41 8b f5 48 8b 8a 58 07 00 00 48 8b
0x00007ffa3fcd85e0:   c1 48 8b f9 48 83 e7 fe 25 01 00 80 00 48 3d 01
0x00007ffa3fcd85f0:   00 80 00 48 0f 45 f9 48 8b 0d b2 4d e6 01 48 23
0x00007ffa3fcd8600:   ba 60 07 00 00 e8 b6 6b c4 ff 4c 8b f7 41 8b dd
0x00007ffa3fcd8610:   48 8b d7 41 83 e6 01 75 11 48 d1 ea 48 0f bc ca
0x00007ffa3fcd8620:   0f 95 c0 84 c0 74 03 48 d3 ea 48 85 d2 74 19 90 


Stack slot to memory mapping:
stack at sp + 0 slots: 0x0000000000000001 is an unknown value
stack at sp + 1 slots: 0x0000002120bfef00 is pointing into the stack for thread: 0x0000012cfd1e56a0
stack at sp + 2 slots: 0x0 is NULL
stack at sp + 3 slots: 0x0 is NULL
stack at sp + 4 slots: 0x0000012c9f430040 points into unknown readable memory: 0x0000012c9dcd6dd0 | d0 6d cd 9d 2c 01 00 00
stack at sp + 5 slots: 0x00007ffa3fc45062 atio6axx.dll
stack at sp + 6 slots: 0x0000000000000002 is an unknown value
stack at sp + 7 slots: 0x0000012c9f430040 points into unknown readable memory: 0x0000012c9dcd6dd0 | d0 6d cd 9d 2c 01 00 00


---------------  P R O C E S S  ---------------

Threads class SMR info:
_java_thread_list=0x0000012c9d362410, length=15, elements={
0x0000012cfd1e56a0, 0x0000012cff6b75a0, 0x0000012cff6b8170, 0x0000012cff6d3120,
0x0000012cff6d3fe0, 0x0000012cff6d4a90, 0x0000012cff6d9d80, 0x0000012cff6eb510,
0x0000012cff6f3ff0, 0x0000012c9d1d0180, 0x0000012c9d1d24f0, 0x0000012c9d20eb00,
0x0000012c9d22dd80, 0x0000012c9d1d0ba0, 0x0000012c9d1d2a00
}

Java Threads: ( => current thread )
=>0x0000012cfd1e56a0 JavaThread "main" [_thread_in_native, id=21648, stack(0x0000002120b00000,0x0000002120c00000)]
  0x0000012cff6b75a0 JavaThread "Reference Handler" daemon [_thread_blocked, id=17724, stack(0x0000002121200000,0x0000002121300000)]
  0x0000012cff6b8170 JavaThread "Finalizer" daemon [_thread_blocked, id=18680, stack(0x0000002121300000,0x0000002121400000)]
  0x0000012cff6d3120 JavaThread "Signal Dispatcher" daemon [_thread_blocked, id=16612, stack(0x0000002121400000,0x0000002121500000)]
  0x0000012cff6d3fe0 JavaThread "Attach Listener" daemon [_thread_blocked, id=18212, stack(0x0000002121500000,0x0000002121600000)]
  0x0000012cff6d4a90 JavaThread "Service Thread" daemon [_thread_blocked, id=23328, stack(0x0000002121600000,0x0000002121700000)]
  0x0000012cff6d9d80 JavaThread "C2 CompilerThread0" daemon [_thread_blocked, id=23060, stack(0x0000002121700000,0x0000002121800000)]
  0x0000012cff6eb510 JavaThread "C1 CompilerThread0" daemon [_thread_blocked, id=18144, stack(0x0000002121800000,0x0000002121900000)]
  0x0000012cff6f3ff0 JavaThread "Sweeper thread" daemon [_thread_blocked, id=4844, stack(0x0000002121900000,0x0000002121a00000)]
  0x0000012c9d1d0180 JavaThread "C1 CompilerThread1" daemon [_thread_blocked, id=20508, stack(0x0000002121a00000,0x0000002121b00000)]
  0x0000012c9d1d24f0 JavaThread "C1 CompilerThread2" daemon [_thread_blocked, id=19232, stack(0x0000002121b00000,0x0000002121c00000)]
  0x0000012c9d20eb00 JavaThread "Notification Thread" daemon [_thread_blocked, id=20380, stack(0x0000002121c00000,0x0000002121d00000)]
  0x0000012c9d22dd80 JavaThread "Common-Cleaner" daemon [_thread_blocked, id=20564, stack(0x0000002121e00000,0x0000002121f00000)]
  0x0000012c9d1d0ba0 JavaThread "C2 CompilerThread1" daemon [_thread_blocked, id=19448, stack(0x0000002121f00000,0x0000002122000000)]
  0x0000012c9d1d2a00 JavaThread "C1 CompilerThread3" daemon [_thread_blocked, id=21272, stack(0x0000002122300000,0x0000002122400000)]

Other Threads:
  0x0000012cff6b4d10 VMThread "VM Thread" [stack: 0x0000002121100000,0x0000002121200000] [id=19736]
  0x0000012c9d20ffe0 WatcherThread [stack: 0x0000002121d00000,0x0000002121e00000] [id=22948]
  0x0000012cfd2219a0 GCTaskThread "GC Thread#0" [stack: 0x0000002120c00000,0x0000002120d00000] [id=18956]
  0x0000012cfd2341a0 ConcurrentGCThread "G1 Main Marker" [stack: 0x0000002120d00000,0x0000002120e00000] [id=22772]
  0x0000012cfd235da0 ConcurrentGCThread "G1 Conc#0" [stack: 0x0000002120e00000,0x0000002120f00000] [id=23196]
  0x0000012cfd2aeb90 ConcurrentGCThread "G1 Refine#0" [stack: 0x0000002120f00000,0x0000002121000000] [id=21380]
  0x0000012cff5276c0 ConcurrentGCThread "G1 Young RemSet Sampling" [stack: 0x0000002121000000,0x0000002121100000] [id=20608]

Threads with active compile tasks:

VM state: not at safepoint (normal execution)

VM Mutex/Monitor currently owned by a thread: None

Heap address: 0x0000000081000000, size: 2032 MB, Compressed Oops mode: 32-bit
CDS archive(s) mapped at: [0x0000000800000000-0x0000000800b50000-0x0000000800b50000), size 11862016, SharedBaseAddress: 0x0000000800000000, ArchiveRelocationMode: 0.
Compressed class space mapped at: 0x0000000800b50000-0x0000000840b50000, size: 1073741824
Narrow klass base: 0x0000000800000000, Narrow klass shift: 3, Narrow klass range: 0x100000000

GC Precious Log:
 CPUs: 16 total, 16 available
 Memory: 8123M
 Large Page Support: Disabled
 NUMA Support: Disabled
 Compressed Oops: Enabled (32-bit)
 Heap Region Size: 1M
 Heap Min Capacity: 8M
 Heap Initial Capacity: 128M
 Heap Max Capacity: 2032M
 Pre-touch: Disabled
 Parallel Workers: 13
 Concurrent Workers: 3
 Concurrent Refinement Workers: 13
 Periodic GC: Disabled

Heap:
 garbage-first heap   total 131072K, used 17408K [0x0000000081000000, 0x0000000100000000)
  region size 1024K, 19 young (19456K), 0 survivors (0K)
 Metaspace       used 5721K, capacity 8455K, committed 8832K, reserved 1056768K
  class space    used 270K, capacity 542K, committed 640K, reserved 1048576K

Heap Regions: E=young(eden), S=young(survivor), O=old, HS=humongous(starts), HC=humongous(continues), CS=collection set, F=free, OA=open archive, CA=closed archive, TAMS=top-at-mark-start (previous, next)
|   0|0x0000000081000000, 0x0000000081000000, 0x0000000081100000|  0%| F|  |TAMS 0x0000000081000000, 0x0000000081000000| Untracked 
|   1|0x0000000081100000, 0x0000000081100000, 0x0000000081200000|  0%| F|  |TAMS 0x0000000081100000, 0x0000000081100000| Untracked 
|   2|0x0000000081200000, 0x0000000081200000, 0x0000000081300000|  0%| F|  |TAMS 0x0000000081200000, 0x0000000081200000| Untracked 
|   3|0x0000000081300000, 0x0000000081300000, 0x0000000081400000|  0%| F|  |TAMS 0x0000000081300000, 0x0000000081300000| Untracked 
|   4|0x0000000081400000, 0x0000000081400000, 0x0000000081500000|  0%| F|  |TAMS 0x0000000081400000, 0x0000000081400000| Untracked 
|   5|0x0000000081500000, 0x0000000081500000, 0x0000000081600000|  0%| F|  |TAMS 0x0000000081500000, 0x0000000081500000| Untracked 
|   6|0x0000000081600000, 0x0000000081600000, 0x0000000081700000|  0%| F|  |TAMS 0x0000000081600000, 0x0000000081600000| Untracked 
|   7|0x0000000081700000, 0x0000000081700000, 0x0000000081800000|  0%| F|  |TAMS 0x0000000081700000, 0x0000000081700000| Untracked 
|   8|0x0000000081800000, 0x0000000081800000, 0x0000000081900000|  0%| F|  |TAMS 0x0000000081800000, 0x0000000081800000| Untracked 
|   9|0x0000000081900000, 0x0000000081900000, 0x0000000081a00000|  0%| F|  |TAMS 0x0000000081900000, 0x0000000081900000| Untracked 
|  10|0x0000000081a00000, 0x0000000081a00000, 0x0000000081b00000|  0%| F|  |TAMS 0x0000000081a00000, 0x0000000081a00000| Untracked 
|  11|0x0000000081b00000, 0x0000000081b00000, 0x0000000081c00000|  0%| F|  |TAMS 0x0000000081b00000, 0x0000000081b00000| Untracked 
|  12|0x0000000081c00000, 0x0000000081c00000, 0x0000000081d00000|  0%| F|  |TAMS 0x0000000081c00000, 0x0000000081c00000| Untracked 
|  13|0x0000000081d00000, 0x0000000081d00000, 0x0000000081e00000|  0%| F|  |TAMS 0x0000000081d00000, 0x0000000081d00000| Untracked 
|  14|0x0000000081e00000, 0x0000000081e00000, 0x0000000081f00000|  0%| F|  |TAMS 0x0000000081e00000, 0x0000000081e00000| Untracked 
|  15|0x0000000081f00000, 0x0000000081f00000, 0x0000000082000000|  0%| F|  |TAMS 0x0000000081f00000, 0x0000000081f00000| Untracked 
|  16|0x0000000082000000, 0x0000000082000000, 0x0000000082100000|  0%| F|  |TAMS 0x0000000082000000, 0x0000000082000000| Untracked 
|  17|0x0000000082100000, 0x0000000082100000, 0x0000000082200000|  0%| F|  |TAMS 0x0000000082100000, 0x0000000082100000| Untracked 
|  18|0x0000000082200000, 0x0000000082200000, 0x0000000082300000|  0%| F|  |TAMS 0x0000000082200000, 0x0000000082200000| Untracked 
|  19|0x0000000082300000, 0x0000000082300000, 0x0000000082400000|  0%| F|  |TAMS 0x0000000082300000, 0x0000000082300000| Untracked 
|  20|0x0000000082400000, 0x0000000082400000, 0x0000000082500000|  0%| F|  |TAMS 0x0000000082400000, 0x0000000082400000| Untracked 
|  21|0x0000000082500000, 0x0000000082500000, 0x0000000082600000|  0%| F|  |TAMS 0x0000000082500000, 0x0000000082500000| Untracked 
|  22|0x0000000082600000, 0x0000000082600000, 0x0000000082700000|  0%| F|  |TAMS 0x0000000082600000, 0x0000000082600000| Untracked 
|  23|0x0000000082700000, 0x0000000082700000, 0x0000000082800000|  0%| F|  |TAMS 0x0000000082700000, 0x0000000082700000| Untracked 
|  24|0x0000000082800000, 0x0000000082800000, 0x0000000082900000|  0%| F|  |TAMS 0x0000000082800000, 0x0000000082800000| Untracked 
|  25|0x0000000082900000, 0x0000000082900000, 0x0000000082a00000|  0%| F|  |TAMS 0x0000000082900000, 0x0000000082900000| Untracked 
|  26|0x0000000082a00000, 0x0000000082a00000, 0x0000000082b00000|  0%| F|  |TAMS 0x0000000082a00000, 0x0000000082a00000| Untracked 
|  27|0x0000000082b00000, 0x0000000082b00000, 0x0000000082c00000|  0%| F|  |TAMS 0x0000000082b00000, 0x0000000082b00000| Untracked 
|  28|0x0000000082c00000, 0x0000000082c00000, 0x0000000082d00000|  0%| F|  |TAMS 0x0000000082c00000, 0x0000000082c00000| Untracked 
|  29|0x0000000082d00000, 0x0000000082d00000, 0x0000000082e00000|  0%| F|  |TAMS 0x0000000082d00000, 0x0000000082d00000| Untracked 
|  30|0x0000000082e00000, 0x0000000082e00000, 0x0000000082f00000|  0%| F|  |TAMS 0x0000000082e00000, 0x0000000082e00000| Untracked 
|  31|0x0000000082f00000, 0x0000000082f00000, 0x0000000083000000|  0%| F|  |TAMS 0x0000000082f00000, 0x0000000082f00000| Untracked 
|  32|0x0000000083000000, 0x0000000083000000, 0x0000000083100000|  0%| F|  |TAMS 0x0000000083000000, 0x0000000083000000| Untracked 
|  33|0x0000000083100000, 0x0000000083100000, 0x0000000083200000|  0%| F|  |TAMS 0x0000000083100000, 0x0000000083100000| Untracked 
|  34|0x0000000083200000, 0x0000000083200000, 0x0000000083300000|  0%| F|  |TAMS 0x0000000083200000, 0x0000000083200000| Untracked 
|  35|0x0000000083300000, 0x0000000083300000, 0x0000000083400000|  0%| F|  |TAMS 0x0000000083300000, 0x0000000083300000| Untracked 
|  36|0x0000000083400000, 0x0000000083400000, 0x0000000083500000|  0%| F|  |TAMS 0x0000000083400000, 0x0000000083400000| Untracked 
|  37|0x0000000083500000, 0x0000000083500000, 0x0000000083600000|  0%| F|  |TAMS 0x0000000083500000, 0x0000000083500000| Untracked 
|  38|0x0000000083600000, 0x0000000083600000, 0x0000000083700000|  0%| F|  |TAMS 0x0000000083600000, 0x0000000083600000| Untracked 
|  39|0x0000000083700000, 0x0000000083700000, 0x0000000083800000|  0%| F|  |TAMS 0x0000000083700000, 0x0000000083700000| Untracked 
|  40|0x0000000083800000, 0x0000000083800000, 0x0000000083900000|  0%| F|  |TAMS 0x0000000083800000, 0x0000000083800000| Untracked 
|  41|0x0000000083900000, 0x0000000083900000, 0x0000000083a00000|  0%| F|  |TAMS 0x0000000083900000, 0x0000000083900000| Untracked 
|  42|0x0000000083a00000, 0x0000000083a00000, 0x0000000083b00000|  0%| F|  |TAMS 0x0000000083a00000, 0x0000000083a00000| Untracked 
|  43|0x0000000083b00000, 0x0000000083b00000, 0x0000000083c00000|  0%| F|  |TAMS 0x0000000083b00000, 0x0000000083b00000| Untracked 
|  44|0x0000000083c00000, 0x0000000083c00000, 0x0000000083d00000|  0%| F|  |TAMS 0x0000000083c00000, 0x0000000083c00000| Untracked 
|  45|0x0000000083d00000, 0x0000000083d00000, 0x0000000083e00000|  0%| F|  |TAMS 0x0000000083d00000, 0x0000000083d00000| Untracked 
|  46|0x0000000083e00000, 0x0000000083e00000, 0x0000000083f00000|  0%| F|  |TAMS 0x0000000083e00000, 0x0000000083e00000| Untracked 
|  47|0x0000000083f00000, 0x0000000083f00000, 0x0000000084000000|  0%| F|  |TAMS 0x0000000083f00000, 0x0000000083f00000| Untracked 
|  48|0x0000000084000000, 0x0000000084000000, 0x0000000084100000|  0%| F|  |TAMS 0x0000000084000000, 0x0000000084000000| Untracked 
|  49|0x0000000084100000, 0x0000000084100000, 0x0000000084200000|  0%| F|  |TAMS 0x0000000084100000, 0x0000000084100000| Untracked 
|  50|0x0000000084200000, 0x0000000084200000, 0x0000000084300000|  0%| F|  |TAMS 0x0000000084200000, 0x0000000084200000| Untracked 
|  51|0x0000000084300000, 0x0000000084300000, 0x0000000084400000|  0%| F|  |TAMS 0x0000000084300000, 0x0000000084300000| Untracked 
|  52|0x0000000084400000, 0x0000000084400000, 0x0000000084500000|  0%| F|  |TAMS 0x0000000084400000, 0x0000000084400000| Untracked 
|  53|0x0000000084500000, 0x0000000084500000, 0x0000000084600000|  0%| F|  |TAMS 0x0000000084500000, 0x0000000084500000| Untracked 
|  54|0x0000000084600000, 0x0000000084600000, 0x0000000084700000|  0%| F|  |TAMS 0x0000000084600000, 0x0000000084600000| Untracked 
|  55|0x0000000084700000, 0x0000000084700000, 0x0000000084800000|  0%| F|  |TAMS 0x0000000084700000, 0x0000000084700000| Untracked 
|  56|0x0000000084800000, 0x0000000084800000, 0x0000000084900000|  0%| F|  |TAMS 0x0000000084800000, 0x0000000084800000| Untracked 
|  57|0x0000000084900000, 0x0000000084900000, 0x0000000084a00000|  0%| F|  |TAMS 0x0000000084900000, 0x0000000084900000| Untracked 
|  58|0x0000000084a00000, 0x0000000084a00000, 0x0000000084b00000|  0%| F|  |TAMS 0x0000000084a00000, 0x0000000084a00000| Untracked 
|  59|0x0000000084b00000, 0x0000000084b00000, 0x0000000084c00000|  0%| F|  |TAMS 0x0000000084b00000, 0x0000000084b00000| Untracked 
|  60|0x0000000084c00000, 0x0000000084c00000, 0x0000000084d00000|  0%| F|  |TAMS 0x0000000084c00000, 0x0000000084c00000| Untracked 
|  61|0x0000000084d00000, 0x0000000084d00000, 0x0000000084e00000|  0%| F|  |TAMS 0x0000000084d00000, 0x0000000084d00000| Untracked 
|  62|0x0000000084e00000, 0x0000000084e00000, 0x0000000084f00000|  0%| F|  |TAMS 0x0000000084e00000, 0x0000000084e00000| Untracked 
|  63|0x0000000084f00000, 0x0000000084f00000, 0x0000000085000000|  0%| F|  |TAMS 0x0000000084f00000, 0x0000000084f00000| Untracked 
|  64|0x0000000085000000, 0x0000000085000000, 0x0000000085100000|  0%| F|  |TAMS 0x0000000085000000, 0x0000000085000000| Untracked 
|  65|0x0000000085100000, 0x0000000085100000, 0x0000000085200000|  0%| F|  |TAMS 0x0000000085100000, 0x0000000085100000| Untracked 
|  66|0x0000000085200000, 0x0000000085200000, 0x0000000085300000|  0%| F|  |TAMS 0x0000000085200000, 0x0000000085200000| Untracked 
|  67|0x0000000085300000, 0x0000000085300000, 0x0000000085400000|  0%| F|  |TAMS 0x0000000085300000, 0x0000000085300000| Untracked 
|  68|0x0000000085400000, 0x0000000085400000, 0x0000000085500000|  0%| F|  |TAMS 0x0000000085400000, 0x0000000085400000| Untracked 
|  69|0x0000000085500000, 0x0000000085500000, 0x0000000085600000|  0%| F|  |TAMS 0x0000000085500000, 0x0000000085500000| Untracked 
|  70|0x0000000085600000, 0x0000000085600000, 0x0000000085700000|  0%| F|  |TAMS 0x0000000085600000, 0x0000000085600000| Untracked 
|  71|0x0000000085700000, 0x0000000085700000, 0x0000000085800000|  0%| F|  |TAMS 0x0000000085700000, 0x0000000085700000| Untracked 
|  72|0x0000000085800000, 0x0000000085800000, 0x0000000085900000|  0%| F|  |TAMS 0x0000000085800000, 0x0000000085800000| Untracked 
|  73|0x0000000085900000, 0x0000000085900000, 0x0000000085a00000|  0%| F|  |TAMS 0x0000000085900000, 0x0000000085900000| Untracked 
|  74|0x0000000085a00000, 0x0000000085a00000, 0x0000000085b00000|  0%| F|  |TAMS 0x0000000085a00000, 0x0000000085a00000| Untracked 
|  75|0x0000000085b00000, 0x0000000085b00000, 0x0000000085c00000|  0%| F|  |TAMS 0x0000000085b00000, 0x0000000085b00000| Untracked 
|  76|0x0000000085c00000, 0x0000000085c00000, 0x0000000085d00000|  0%| F|  |TAMS 0x0000000085c00000, 0x0000000085c00000| Untracked 
|  77|0x0000000085d00000, 0x0000000085d00000, 0x0000000085e00000|  0%| F|  |TAMS 0x0000000085d00000, 0x0000000085d00000| Untracked 
|  78|0x0000000085e00000, 0x0000000085e00000, 0x0000000085f00000|  0%| F|  |TAMS 0x0000000085e00000, 0x0000000085e00000| Untracked 
|  79|0x0000000085f00000, 0x0000000085f00000, 0x0000000086000000|  0%| F|  |TAMS 0x0000000085f00000, 0x0000000085f00000| Untracked 
|  80|0x0000000086000000, 0x0000000086000000, 0x0000000086100000|  0%| F|  |TAMS 0x0000000086000000, 0x0000000086000000| Untracked 
|  81|0x0000000086100000, 0x0000000086100000, 0x0000000086200000|  0%| F|  |TAMS 0x0000000086100000, 0x0000000086100000| Untracked 
|  82|0x0000000086200000, 0x0000000086200000, 0x0000000086300000|  0%| F|  |TAMS 0x0000000086200000, 0x0000000086200000| Untracked 
|  83|0x0000000086300000, 0x0000000086300000, 0x0000000086400000|  0%| F|  |TAMS 0x0000000086300000, 0x0000000086300000| Untracked 
|  84|0x0000000086400000, 0x0000000086400000, 0x0000000086500000|  0%| F|  |TAMS 0x0000000086400000, 0x0000000086400000| Untracked 
|  85|0x0000000086500000, 0x0000000086500000, 0x0000000086600000|  0%| F|  |TAMS 0x0000000086500000, 0x0000000086500000| Untracked 
|  86|0x0000000086600000, 0x0000000086600000, 0x0000000086700000|  0%| F|  |TAMS 0x0000000086600000, 0x0000000086600000| Untracked 
|  87|0x0000000086700000, 0x0000000086700000, 0x0000000086800000|  0%| F|  |TAMS 0x0000000086700000, 0x0000000086700000| Untracked 
|  88|0x0000000086800000, 0x0000000086800000, 0x0000000086900000|  0%| F|  |TAMS 0x0000000086800000, 0x0000000086800000| Untracked 
|  89|0x0000000086900000, 0x0000000086900000, 0x0000000086a00000|  0%| F|  |TAMS 0x0000000086900000, 0x0000000086900000| Untracked 
|  90|0x0000000086a00000, 0x0000000086a00000, 0x0000000086b00000|  0%| F|  |TAMS 0x0000000086a00000, 0x0000000086a00000| Untracked 
|  91|0x0000000086b00000, 0x0000000086b00000, 0x0000000086c00000|  0%| F|  |TAMS 0x0000000086b00000, 0x0000000086b00000| Untracked 
|  92|0x0000000086c00000, 0x0000000086c00000, 0x0000000086d00000|  0%| F|  |TAMS 0x0000000086c00000, 0x0000000086c00000| Untracked 
|  93|0x0000000086d00000, 0x0000000086d00000, 0x0000000086e00000|  0%| F|  |TAMS 0x0000000086d00000, 0x0000000086d00000| Untracked 
|  94|0x0000000086e00000, 0x0000000086e00000, 0x0000000086f00000|  0%| F|  |TAMS 0x0000000086e00000, 0x0000000086e00000| Untracked 
|  95|0x0000000086f00000, 0x0000000086f00000, 0x0000000087000000|  0%| F|  |TAMS 0x0000000086f00000, 0x0000000086f00000| Untracked 
|  96|0x0000000087000000, 0x0000000087000000, 0x0000000087100000|  0%| F|  |TAMS 0x0000000087000000, 0x0000000087000000| Untracked 
|  97|0x0000000087100000, 0x0000000087100000, 0x0000000087200000|  0%| F|  |TAMS 0x0000000087100000, 0x0000000087100000| Untracked 
|  98|0x0000000087200000, 0x0000000087200000, 0x0000000087300000|  0%| F|  |TAMS 0x0000000087200000, 0x0000000087200000| Untracked 
|  99|0x0000000087300000, 0x0000000087300000, 0x0000000087400000|  0%| F|  |TAMS 0x0000000087300000, 0x0000000087300000| Untracked 
| 100|0x0000000087400000, 0x0000000087400000, 0x0000000087500000|  0%| F|  |TAMS 0x0000000087400000, 0x0000000087400000| Untracked 
| 101|0x0000000087500000, 0x0000000087500000, 0x0000000087600000|  0%| F|  |TAMS 0x0000000087500000, 0x0000000087500000| Untracked 
| 102|0x0000000087600000, 0x0000000087600000, 0x0000000087700000|  0%| F|  |TAMS 0x0000000087600000, 0x0000000087600000| Untracked 
| 103|0x0000000087700000, 0x0000000087700000, 0x0000000087800000|  0%| F|  |TAMS 0x0000000087700000, 0x0000000087700000| Untracked 
| 104|0x0000000087800000, 0x0000000087800000, 0x0000000087900000|  0%| F|  |TAMS 0x0000000087800000, 0x0000000087800000| Untracked 
| 105|0x0000000087900000, 0x0000000087900000, 0x0000000087a00000|  0%| F|  |TAMS 0x0000000087900000, 0x0000000087900000| Untracked 
| 106|0x0000000087a00000, 0x0000000087a00000, 0x0000000087b00000|  0%| F|  |TAMS 0x0000000087a00000, 0x0000000087a00000| Untracked 
| 107|0x0000000087b00000, 0x0000000087b00000, 0x0000000087c00000|  0%| F|  |TAMS 0x0000000087b00000, 0x0000000087b00000| Untracked 
| 108|0x0000000087c00000, 0x0000000087c00000, 0x0000000087d00000|  0%| F|  |TAMS 0x0000000087c00000, 0x0000000087c00000| Untracked 
| 109|0x0000000087d00000, 0x0000000087d88db0, 0x0000000087e00000| 53%| E|  |TAMS 0x0000000087d00000, 0x0000000087d00000| Complete 
| 110|0x0000000087e00000, 0x0000000087f00000, 0x0000000087f00000|100%| E|  |TAMS 0x0000000087e00000, 0x0000000087e00000| Complete 
| 111|0x0000000087f00000, 0x0000000088000000, 0x0000000088000000|100%| E|CS|TAMS 0x0000000087f00000, 0x0000000087f00000| Complete 
| 112|0x0000000088000000, 0x0000000088100000, 0x0000000088100000|100%| E|CS|TAMS 0x0000000088000000, 0x0000000088000000| Complete 
| 113|0x0000000088100000, 0x0000000088200000, 0x0000000088200000|100%| E|CS|TAMS 0x0000000088100000, 0x0000000088100000| Complete 
| 114|0x0000000088200000, 0x0000000088300000, 0x0000000088300000|100%| E|CS|TAMS 0x0000000088200000, 0x0000000088200000| Complete 
| 115|0x0000000088300000, 0x0000000088400000, 0x0000000088400000|100%| E|CS|TAMS 0x0000000088300000, 0x0000000088300000| Complete 
| 116|0x0000000088400000, 0x0000000088500000, 0x0000000088500000|100%| E|CS|TAMS 0x0000000088400000, 0x0000000088400000| Complete 
| 117|0x0000000088500000, 0x0000000088600000, 0x0000000088600000|100%| E|CS|TAMS 0x0000000088500000, 0x0000000088500000| Complete 
| 118|0x0000000088600000, 0x0000000088700000, 0x0000000088700000|100%| E|CS|TAMS 0x0000000088600000, 0x0000000088600000| Complete 
| 119|0x0000000088700000, 0x0000000088800000, 0x0000000088800000|100%| E|CS|TAMS 0x0000000088700000, 0x0000000088700000| Complete 
| 120|0x0000000088800000, 0x0000000088900000, 0x0000000088900000|100%| E|CS|TAMS 0x0000000088800000, 0x0000000088800000| Complete 
| 121|0x0000000088900000, 0x0000000088a00000, 0x0000000088a00000|100%| E|CS|TAMS 0x0000000088900000, 0x0000000088900000| Complete 
| 122|0x0000000088a00000, 0x0000000088b00000, 0x0000000088b00000|100%| E|CS|TAMS 0x0000000088a00000, 0x0000000088a00000| Complete 
| 123|0x0000000088b00000, 0x0000000088c00000, 0x0000000088c00000|100%| E|CS|TAMS 0x0000000088b00000, 0x0000000088b00000| Complete 
| 124|0x0000000088c00000, 0x0000000088d00000, 0x0000000088d00000|100%| E|CS|TAMS 0x0000000088c00000, 0x0000000088c00000| Complete 
| 125|0x0000000088d00000, 0x0000000088e00000, 0x0000000088e00000|100%| E|CS|TAMS 0x0000000088d00000, 0x0000000088d00000| Complete 
| 126|0x0000000088e00000, 0x0000000088f00000, 0x0000000088f00000|100%| E|CS|TAMS 0x0000000088e00000, 0x0000000088e00000| Complete 
| 127|0x0000000088f00000, 0x0000000089000000, 0x0000000089000000|100%| E|CS|TAMS 0x0000000088f00000, 0x0000000088f00000| Complete 

Card table byte_map: [0x0000012cfdf30000,0x0000012cfe330000] _byte_map_base: 0x0000012cfdb28000

Marking Bits (Prev, Next): (CMBitMap*) 0x0000012cfd222210, (CMBitMap*) 0x0000012cfd222250
 Prev Bits: [0x0000012c97160000, 0x0000012c99120000)
 Next Bits: [0x0000012c99120000, 0x0000012c9b0e0000)

Polling page: 0x0000012cfb160000

Metaspace:

Usage:
  Non-class:      7.73 MB capacity,     5.32 MB ( 69%) used,     2.40 MB ( 31%) free+waste,     6.12 KB ( <1%) overhead. 
      Class:    542.00 KB capacity,   270.16 KB ( 50%) used,   270.03 KB ( 50%) free+waste,     1.81 KB ( <1%) overhead. 
       Both:      8.26 MB capacity,     5.59 MB ( 68%) used,     2.66 MB ( 32%) free+waste,     7.94 KB ( <1%) overhead. 

Virtual space:
  Non-class space:        8.00 MB reserved,       8.00 MB (100%) committed 
      Class space:        1.00 GB reserved,     640.00 KB ( <1%) committed 
             Both:        1.01 GB reserved,       8.62 MB ( <1%) committed 

Chunk freelists:
   Non-Class:  87.00 KB
       Class:  2.00 KB
        Both:  89.00 KB

MaxMetaspaceSize: 17179869184.00 GB
CompressedClassSpaceSize: 1.00 GB

CodeHeap 'non-profiled nmethods': size=119168Kb used=284Kb max_used=284Kb free=118883Kb
 bounds [0x0000012c8fd00000, 0x0000012c8ff70000, 0x0000012c97160000]
CodeHeap 'profiled nmethods': size=119104Kb used=1513Kb max_used=1513Kb free=117590Kb
 bounds [0x0000012c888b0000, 0x0000012c88b20000, 0x0000012c8fd00000]
CodeHeap 'non-nmethods': size=7488Kb used=3243Kb max_used=3256Kb free=4244Kb
 bounds [0x0000012c88160000, 0x0000012c884a0000, 0x0000012c888b0000]
 total_blobs=1822 nmethods=888 adapters=844
 compilation: enabled
              stopped_count=0, restarted_count=0
 full_count=0

Compilation events (20 events):
Event: 0.907 Thread 0x0000012c9d1d0180 nmethod 876 0x0000012c88a23890 code [0x0000012c88a23a40, 0x0000012c88a23cc8]
Event: 0.907 Thread 0x0000012c9d1d24f0  878       3       jdk.internal.reflect.UnsafeQualifiedFieldAccessorImpl::<init> (11 bytes)
Event: 0.907 Thread 0x0000012c9d1d0180  879       3       jdk.internal.reflect.UnsafeQualifiedLongFieldAccessorImpl::getLong (17 bytes)
Event: 0.907 Thread 0x0000012c9d1d0ba0 nmethod 884 0x0000012c8fd46890 code [0x0000012c8fd46a20, 0x0000012c8fd46af8]
Event: 0.907 Thread 0x0000012c9d1d24f0 nmethod 878 0x0000012c88a23e10 code [0x0000012c88a23fc0, 0x0000012c88a24108]
Event: 0.907 Thread 0x0000012c9d1d2a00 nmethod 877 0x0000012c88a24190 code [0x0000012c88a24340, 0x0000012c88a244e8]
Event: 0.907 Thread 0x0000012c9d1d24f0  880       3       jdk.internal.reflect.UnsafeFieldAccessorImpl::ensureObj (23 bytes)
Event: 0.907 Thread 0x0000012c9d1d2a00  881       3       org.lwjgl.PointerBuffer::put (24 bytes)
Event: 0.907 Thread 0x0000012c9d1d0180 nmethod 879 0x0000012c88a24610 code [0x0000012c88a24800, 0x0000012c88a24e08]
Event: 0.907 Thread 0x0000012c9d1d24f0 nmethod 880 0x0000012c88a25010 code [0x0000012c88a25200, 0x0000012c88a25708]
Event: 0.907 Thread 0x0000012c9d1d2a00 nmethod 881 0x0000012c88a25910 code [0x0000012c88a25b00, 0x0000012c88a25f18]
Event: 0.908 Thread 0x0000012cff6eb510 nmethod 872 0x0000012c88a26110 code [0x0000012c88a26740, 0x0000012c88a29038]
Event: 0.917 Thread 0x0000012c9d1d0ba0  885       4       java.nio.Buffer::position (52 bytes)
Event: 0.917 Thread 0x0000012c9d1d2a00  886       3       java.security.AccessController::executePrivileged (65 bytes)
Event: 0.918 Thread 0x0000012c9d1d2a00 nmethod 886 0x0000012c88a29d90 code [0x0000012c88a29f60, 0x0000012c88a2a258]
Event: 0.918 Thread 0x0000012c9d1d0ba0 nmethod 885 0x0000012c8fd46c10 code [0x0000012c8fd46d80, 0x0000012c8fd46e38]
Event: 0.920 Thread 0x0000012c9d1d24f0  887       3       sun.nio.cs.SingleByte$Decoder::decode (11 bytes)
Event: 0.920 Thread 0x0000012c9d1d24f0 nmethod 887 0x0000012c88a2a390 code [0x0000012c88a2a520, 0x0000012c88a2a658]
Event: 0.920 Thread 0x0000012cff6d9d80  888       4       java.lang.Object::<init> (1 bytes)
Event: 0.920 Thread 0x0000012cff6d9d80 nmethod 888 0x0000012c8fd46f10 code [0x0000012c8fd47080, 0x0000012c8fd47118]

GC Heap History (0 events):
No events

Deoptimization events (20 events):
Event: 0.075 Thread 0x0000012cfd1e56a0 DEOPT PACKING pc=0x0000012c8fd00f90 sp=0x0000002120bff080
Event: 0.075 Thread 0x0000012cfd1e56a0 DEOPT UNPACKING pc=0x0000012c881ae42f sp=0x0000002120bfefc0 mode 2
Event: 0.117 Thread 0x0000012cfd1e56a0 Uncommon trap: trap_request=0xffffff45 fr.pc=0x0000012c8fd04ec0 relative=0x0000000000000220
Event: 0.117 Thread 0x0000012cfd1e56a0 Uncommon trap: reason=unstable_if action=reinterpret pc=0x0000012c8fd04ec0 method=java.lang.String.hashCode()I @ 13 c2
Event: 0.117 Thread 0x0000012cfd1e56a0 DEOPT PACKING pc=0x0000012c8fd04ec0 sp=0x0000002120bfb760
Event: 0.117 Thread 0x0000012cfd1e56a0 DEOPT UNPACKING pc=0x0000012c881ae42f sp=0x0000002120bfb6f8 mode 2
Event: 0.164 Thread 0x0000012cfd1e56a0 Uncommon trap: trap_request=0xffffff45 fr.pc=0x0000012c8fd17be0 relative=0x0000000000000060
Event: 0.164 Thread 0x0000012cfd1e56a0 Uncommon trap: reason=unstable_if action=reinterpret pc=0x0000012c8fd17be0 method=java.io.WinNTFileSystem.isSlash(C)Z @ 9 c2
Event: 0.164 Thread 0x0000012cfd1e56a0 DEOPT PACKING pc=0x0000012c8fd17be0 sp=0x0000002120bfcc60
Event: 0.164 Thread 0x0000012cfd1e56a0 DEOPT UNPACKING pc=0x0000012c881ae42f sp=0x0000002120bfcbe8 mode 2
Event: 0.848 Thread 0x0000012cfd1e56a0 DEOPT PACKING pc=0x0000012c888d215f sp=0x0000002120bfdc40
Event: 0.848 Thread 0x0000012cfd1e56a0 DEOPT UNPACKING pc=0x0000012c881ae23f sp=0x0000002120bfd090 mode 0
Event: 0.902 Thread 0x0000012cfd1e56a0 Uncommon trap: trap_request=0xffffff54 fr.pc=0x0000012c8fd2c660 relative=0x0000000000000060
Event: 0.902 Thread 0x0000012cfd1e56a0 Uncommon trap: reason=speculate_null_assert action=make_not_entrant pc=0x0000012c8fd2c660 method=sun.misc.Unsafe.putLong(Ljava/lang/Object;JJ)V @ 7 c2
Event: 0.902 Thread 0x0000012cfd1e56a0 DEOPT PACKING pc=0x0000012c8fd2c660 sp=0x0000002120bff120
Event: 0.902 Thread 0x0000012cfd1e56a0 DEOPT UNPACKING pc=0x0000012c881ae42f sp=0x0000002120bff098 mode 2
Event: 0.916 Thread 0x0000012cfd1e56a0 Uncommon trap: trap_request=0xffffff54 fr.pc=0x0000012c8fd2f6d8 relative=0x0000000000000058
Event: 0.916 Thread 0x0000012cfd1e56a0 Uncommon trap: reason=speculate_null_assert action=make_not_entrant pc=0x0000012c8fd2f6d8 method=sun.misc.Unsafe.getLong(Ljava/lang/Object;J)J @ 5 c2
Event: 0.916 Thread 0x0000012cfd1e56a0 DEOPT PACKING pc=0x0000012c8fd2f6d8 sp=0x0000002120bff390
Event: 0.916 Thread 0x0000012cfd1e56a0 DEOPT UNPACKING pc=0x0000012c881ae42f sp=0x0000002120bff318 mode 2

Classes unloaded (0 events):
No events

Classes redefined (0 events):
No events

Internal exceptions (17 events):
Event: 0.130 Thread 0x0000012cfd1e56a0 Exception <a 'java/lang/NoSuchMethodError'{0x0000000088d3b048}: 'void java.lang.invoke.DirectMethodHandle$Holder.invokeStatic(java.lang.Object, java.lang.Object)'> (0x0000000088d3b048) 
thrown [./open/src/hotspot/share/interpreter/linkResolver.cpp, line 782]
Event: 0.131 Thread 0x0000012cfd1e56a0 Exception <a 'java/lang/NoSuchMethodError'{0x0000000088d40b40}: 'void java.lang.invoke.DirectMethodHandle$Holder.invokeSpecial(java.lang.Object, java.lang.Object, java.lang.Object)'> (0x0000000088d40b40) 
thrown [./open/src/hotspot/share/interpreter/linkResolver.cpp, line 782]
Event: 0.135 Thread 0x0000012cfd1e56a0 Exception <a 'java/lang/NoSuchMethodError'{0x0000000088d557b0}: 'java.lang.Object java.lang.invoke.DirectMethodHandle$Holder.invokeStatic(java.lang.Object, java.lang.Object, int)'> (0x0000000088d557b0) 
thrown [./open/src/hotspot/share/interpreter/linkResolver.cpp, line 782]
Event: 0.136 Thread 0x0000012cfd1e56a0 Exception <a 'java/lang/NoSuchMethodError'{0x0000000088d618f8}: 'void java.lang.invoke.DelegatingMethodHandle$Holder.delegate(java.lang.Object, java.lang.Object, int, java.lang.Object)'> (0x0000000088d618f8) 
thrown [./open/src/hotspot/share/interpreter/linkResolver.cpp, line 782]
Event: 0.136 Thread 0x0000012cfd1e56a0 Exception <a 'java/lang/NoSuchMethodError'{0x0000000088d65998}: 'int java.lang.invoke.DirectMethodHandle$Holder.invokeSpecial(java.lang.Object, java.lang.Object, java.lang.Object)'> (0x0000000088d65998) 
thrown [./open/src/hotspot/share/interpreter/linkResolver.cpp, line 782]
Event: 0.185 Thread 0x0000012cfd1e56a0 Exception <a 'sun/nio/fs/WindowsException'{0x0000000088b51da8}> (0x0000000088b51da8) 
thrown [./open/src/hotspot/share/prims/jni.cpp, line 578]
Event: 0.185 Thread 0x0000012cfd1e56a0 Exception <a 'sun/nio/fs/WindowsException'{0x0000000088b522f8}> (0x0000000088b522f8) 
thrown [./open/src/hotspot/share/prims/jni.cpp, line 578]
Event: 0.234 Thread 0x0000012cfd1e56a0 Exception <a 'sun/nio/fs/WindowsException'{0x00000000888b7378}> (0x00000000888b7378) 
thrown [./open/src/hotspot/share/prims/jni.cpp, line 578]
Event: 0.234 Thread 0x0000012cfd1e56a0 Exception <a 'sun/nio/fs/WindowsException'{0x00000000888b76d8}> (0x00000000888b76d8) 
thrown [./open/src/hotspot/share/prims/jni.cpp, line 578]
Event: 0.237 Thread 0x0000012cfd1e56a0 Exception <a 'java/lang/NoSuchMethodError'{0x00000000888e9348}: 'java.lang.Object java.lang.invoke.DirectMethodHandle$Holder.invokeStatic(java.lang.Object)'> (0x00000000888e9348) 
thrown [./open/src/hotspot/share/interpreter/linkResolver.cpp, line 782]
Event: 0.238 Thread 0x0000012cfd1e56a0 Exception <a 'java/lang/NoSuchMethodError'{0x00000000888ec9b8}: 'java.lang.Object java.lang.invoke.DirectMethodHandle$Holder.invokeStaticInit(java.lang.Object)'> (0x00000000888ec9b8) 
thrown [./open/src/hotspot/share/interpreter/linkResolver.cpp, line 782]
Event: 0.757 Thread 0x0000012cfd1e56a0 Exception <a 'sun/nio/fs/WindowsException'{0x00000000887c2688}> (0x00000000887c2688) 
thrown [./open/src/hotspot/share/prims/jni.cpp, line 578]
Event: 0.757 Thread 0x0000012cfd1e56a0 Exception <a 'sun/nio/fs/WindowsException'{0x00000000887c2a28}> (0x00000000887c2a28) 
thrown [./open/src/hotspot/share/prims/jni.cpp, line 578]
Event: 0.762 Thread 0x0000012cfd1e56a0 Exception <a 'sun/nio/fs/WindowsException'{0x00000000887daf40}> (0x00000000887daf40) 
thrown [./open/src/hotspot/share/prims/jni.cpp, line 578]
Event: 0.762 Thread 0x0000012cfd1e56a0 Exception <a 'sun/nio/fs/WindowsException'{0x00000000887db210}> (0x00000000887db210) 
thrown [./open/src/hotspot/share/prims/jni.cpp, line 578]
Event: 0.791 Thread 0x0000012cfd1e56a0 Exception <a 'sun/nio/fs/WindowsException'{0x000000008855ddb0}> (0x000000008855ddb0) 
thrown [./open/src/hotspot/share/prims/jni.cpp, line 578]
Event: 0.791 Thread 0x0000012cfd1e56a0 Exception <a 'sun/nio/fs/WindowsException'{0x000000008855e140}> (0x000000008855e140) 
thrown [./open/src/hotspot/share/prims/jni.cpp, line 578]

Events (20 events):
Event: 0.339 loading class java/lang/InterruptedException
Event: 0.339 loading class java/lang/InterruptedException done
Event: 0.721 Thread 0x0000012c9d1cf760 Thread exited: 0x0000012c9d1cf760
Event: 0.759 Loaded shared library C:\Users\Main\AppData\Local\Temp\lwjglMain\3.2.3-build-13\lwjgl_opengl.dll
Event: 0.768 Executing VM operation: HandshakeAllThreads
Event: 0.768 Executing VM operation: HandshakeAllThreads done
Event: 0.797 Thread 0x0000012c9d1d0ba0 Thread added: 0x0000012c9d1d0ba0
Event: 0.798 Loaded shared library C:\Users\Main\AppData\Local\Temp\lwjglMain\3.2.3-build-13\lwjgl.dll
Event: 0.800 Loaded shared library C:\Users\Main\AppData\Local\Temp\lwjglMain\3.2.3-build-13\lwjgl.dll
Event: 0.801 Loaded shared library C:\Users\Main\AppData\Local\Temp\lwjglMain\3.2.3-build-13\lwjgl.dll
Event: 0.881 Loaded shared library C:\Program Files\Java\jdk-15.0.2\bin\zip.dll
Event: 0.902 loading class jdk/internal/reflect/UnsafeQualifiedLongFieldAccessorImpl
Event: 0.903 loading class jdk/internal/reflect/UnsafeQualifiedFieldAccessorImpl
Event: 0.903 loading class jdk/internal/reflect/UnsafeQualifiedFieldAccessorImpl done
Event: 0.903 loading class jdk/internal/reflect/UnsafeQualifiedLongFieldAccessorImpl done
Event: 0.905 Thread 0x0000012c9d1d2a00 Thread added: 0x0000012c9d1d2a00
Event: 0.917 Executing VM operation: HandshakeAllThreads
Event: 0.917 Executing VM operation: HandshakeAllThreads done
Event: 0.917 loading class java/io/FileReader
Event: 0.917 loading class java/io/FileReader done


Dynamic libraries:
0x00007ff6c5b10000 - 0x00007ff6c5b1f000 	C:\Program Files\Java\jdk-15.0.2\bin\javaw.exe
0x00007ffa8ce90000 - 0x00007ffa8d085000 	C:\WINDOWS\SYSTEM32\ntdll.dll
0x00007ffa8c580000 - 0x00007ffa8c63d000 	C:\WINDOWS\System32\KERNEL32.DLL
0x00007ffa8a7e0000 - 0x00007ffa8aaa9000 	C:\WINDOWS\System32\KERNELBASE.dll
0x00007ffa8ae00000 - 0x00007ffa8af00000 	C:\WINDOWS\System32\ucrtbase.dll
0x00007ffa7a6a0000 - 0x00007ffa7a6b9000 	C:\Program Files\Java\jdk-15.0.2\bin\VCRUNTIME140.dll
0x00007ffa762d0000 - 0x00007ffa762e8000 	C:\Program Files\Java\jdk-15.0.2\bin\jli.dll
0x00007ffa8ba00000 - 0x00007ffa8baac000 	C:\WINDOWS\System32\ADVAPI32.dll
0x00007ffa8cdb0000 - 0x00007ffa8ce4e000 	C:\WINDOWS\System32\msvcrt.dll
0x00007ffa8c4e0000 - 0x00007ffa8c57b000 	C:\WINDOWS\System32\sechost.dll
0x00007ffa8af10000 - 0x00007ffa8b03a000 	C:\WINDOWS\System32\RPCRT4.dll
0x00007ffa8bc00000 - 0x00007ffa8bda0000 	C:\WINDOWS\System32\USER32.dll
0x00007ffa78c30000 - 0x00007ffa78eca000 	C:\WINDOWS\WinSxS\amd64_microsoft.windows.common-controls_6595b64144ccf1df_6.0.19041.1052_none_60b8f8fd71f5e8cb\COMCTL32.dll
0x00007ffa8a5d0000 - 0x00007ffa8a5f2000 	C:\WINDOWS\System32\win32u.dll
0x00007ffa8c930000 - 0x00007ffa8c95a000 	C:\WINDOWS\System32\GDI32.dll
0x00007ffa8a6d0000 - 0x00007ffa8a7db000 	C:\WINDOWS\System32\gdi32full.dll
0x00007ffa8a630000 - 0x00007ffa8a6cd000 	C:\WINDOWS\System32\msvcp_win.dll
0x00007ffa82190000 - 0x00007ffa8219a000 	C:\WINDOWS\SYSTEM32\VERSION.dll
0x00007ffa8c640000 - 0x00007ffa8c670000 	C:\WINDOWS\System32\IMM32.DLL
0x00007ffa857b0000 - 0x00007ffa857bc000 	C:\Program Files\Java\jdk-15.0.2\bin\vcruntime140_1.dll
0x00007ffa62730000 - 0x00007ffa627c1000 	C:\Program Files\Java\jdk-15.0.2\bin\msvcp140.dll
0x00007ff9dd910000 - 0x00007ff9de46e000 	C:\Program Files\Java\jdk-15.0.2\bin\server\jvm.dll
0x00007ffa8b9f0000 - 0x00007ffa8b9f8000 	C:\WINDOWS\System32\PSAPI.DLL
0x00007ffa873e0000 - 0x00007ffa873e9000 	C:\WINDOWS\SYSTEM32\WSOCK32.dll
0x00007ffa82310000 - 0x00007ffa82337000 	C:\WINDOWS\SYSTEM32\WINMM.dll
0x00007ffa8c960000 - 0x00007ffa8c9cb000 	C:\WINDOWS\System32\WS2_32.dll
0x00007ffa88520000 - 0x00007ffa88532000 	C:\WINDOWS\SYSTEM32\kernel.appcore.dll
0x00007ffa873d0000 - 0x00007ffa873da000 	C:\Program Files\Java\jdk-15.0.2\bin\jimage.dll
0x00007ffa83570000 - 0x00007ffa83754000 	C:\WINDOWS\SYSTEM32\DBGHELP.DLL
0x00007ffa7a0e0000 - 0x00007ffa7a10c000 	C:\WINDOWS\SYSTEM32\dbgcore.DLL
0x00007ffa8ab10000 - 0x00007ffa8ab93000 	C:\WINDOWS\System32\bcryptPrimitives.dll
0x00007ffa7a670000 - 0x00007ffa7a695000 	C:\Program Files\Java\jdk-15.0.2\bin\java.dll
0x00007ffa8bda0000 - 0x00007ffa8c4df000 	C:\WINDOWS\System32\SHELL32.dll
0x00007ffa88720000 - 0x00007ffa88eb1000 	C:\WINDOWS\SYSTEM32\windows.storage.dll
0x00007ffa8c9d0000 - 0x00007ffa8cd25000 	C:\WINDOWS\System32\combase.dll
0x00007ffa8a040000 - 0x00007ffa8a06c000 	C:\WINDOWS\SYSTEM32\Wldp.dll
0x00007ffa8b8b0000 - 0x00007ffa8b95e000 	C:\WINDOWS\System32\SHCORE.dll
0x00007ffa8b640000 - 0x00007ffa8b695000 	C:\WINDOWS\System32\shlwapi.dll
0x00007ffa8a510000 - 0x00007ffa8a52f000 	C:\WINDOWS\SYSTEM32\profapi.dll
0x00007ffa7dc80000 - 0x00007ffa7dc99000 	C:\Program Files\Java\jdk-15.0.2\bin\net.dll
0x00007ffa80520000 - 0x00007ffa8062a000 	C:\WINDOWS\SYSTEM32\WINHTTP.dll
0x00007ffa89da0000 - 0x00007ffa89e0a000 	C:\WINDOWS\system32\mswsock.dll
0x00007ffa76360000 - 0x00007ffa76372000 	C:\Program Files\Java\jdk-15.0.2\bin\nio.dll
0x00007ffa76340000 - 0x00007ffa76358000 	C:\Program Files\Java\jdk-15.0.2\bin\zip.dll
0x00007ffa62e60000 - 0x00007ffa62ec4000 	C:\Users\Main\AppData\Local\Temp\lwjglMain\3.2.3-build-13\lwjgl.dll
0x00007ffa5d320000 - 0x00007ffa5d382000 	C:\Users\Main\AppData\Local\Temp\lwjglMain\3.2.3-build-13\glfw.dll
0x00007ffa87fc0000 - 0x00007ffa8805e000 	C:\WINDOWS\system32\uxtheme.dll
0x00007ff9f3410000 - 0x00007ff9f3455000 	C:\WINDOWS\SYSTEM32\dinput8.dll
0x00007ffa74810000 - 0x00007ffa74821000 	C:\WINDOWS\SYSTEM32\xinput1_4.dll
0x00007ffa8adb0000 - 0x00007ffa8adfe000 	C:\WINDOWS\System32\cfgmgr32.dll
0x00007ffa8a380000 - 0x00007ffa8a3ac000 	C:\WINDOWS\SYSTEM32\DEVOBJ.dll
0x00007ffa88230000 - 0x00007ffa8825f000 	C:\WINDOWS\SYSTEM32\dwmapi.dll
0x00007ffa6f1b0000 - 0x00007ffa6f302000 	C:\WINDOWS\SYSTEM32\inputhost.dll
0x00007ffa8bab0000 - 0x00007ffa8bb7d000 	C:\WINDOWS\System32\OLEAUT32.dll
0x00007ffa87810000 - 0x00007ffa87902000 	C:\WINDOWS\SYSTEM32\CoreMessaging.dll
0x00007ffa85d40000 - 0x00007ffa85e36000 	C:\WINDOWS\SYSTEM32\PROPSYS.dll
0x00007ffa86eb0000 - 0x00007ffa87004000 	C:\WINDOWS\SYSTEM32\wintypes.dll
0x00007ffa87910000 - 0x00007ffa87c6e000 	C:\WINDOWS\SYSTEM32\CoreUIComponents.dll
0x00007ffa89300000 - 0x00007ffa89333000 	C:\WINDOWS\SYSTEM32\ntmarta.dll
0x00007ffa8b050000 - 0x00007ffa8b165000 	C:\WINDOWS\System32\MSCTF.dll
0x00007ffa88ec0000 - 0x00007ffa88ecd000 	C:\WINDOWS\SYSTEM32\HID.DLL
0x00007ffa8b1d0000 - 0x00007ffa8b639000 	C:\WINDOWS\System32\SETUPAPI.DLL
0x00007ffa8a600000 - 0x00007ffa8a627000 	C:\WINDOWS\System32\bcrypt.dll
0x00007ffa8aab0000 - 0x00007ffa8ab10000 	C:\WINDOWS\System32\WINTRUST.dll
0x00007ffa8ac50000 - 0x00007ffa8adaf000 	C:\WINDOWS\System32\CRYPT32.dll
0x00007ffa8a1c0000 - 0x00007ffa8a1d2000 	C:\WINDOWS\SYSTEM32\MSASN1.dll
0x00007ffa4ddb0000 - 0x00007ffa4ded5000 	C:\WINDOWS\SYSTEM32\opengl32.dll
0x00007ffa4d250000 - 0x00007ffa4d27c000 	C:\WINDOWS\SYSTEM32\GLU32.dll
0x00007ffa8c670000 - 0x00007ffa8c719000 	C:\WINDOWS\System32\clbcatq.dll
0x00007ffa4cfc0000 - 0x00007ffa4cfeb000 	C:\WINDOWS\System32\DriverStore\FileRepository\u0369070.inf_amd64_f201604fbb8aca98\B369060\atig6pxx.dll
0x00007ffa3f080000 - 0x00007ffa41ed0000 	C:\WINDOWS\System32\DriverStore\FileRepository\u0369070.inf_amd64_f201604fbb8aca98\B369060\atio6axx.dll
0x00007ffa8c800000 - 0x00007ffa8c92a000 	C:\WINDOWS\System32\ole32.dll
0x00007ffa553c0000 - 0x00007ffa553e4000 	C:\WINDOWS\SYSTEM32\dxva2.dll
0x00007ffa488a0000 - 0x00007ffa488dc000 	C:\WINDOWS\System32\DriverStore\FileRepository\u0369070.inf_amd64_f201604fbb8aca98\B369060\atig6txx.dll
0x00007ffa4d090000 - 0x00007ffa4d245000 	C:\WINDOWS\SYSTEM32\atiadlxx.dll
0x00007ffa65910000 - 0x00007ffa65964000 	C:\WINDOWS\SYSTEM32\pdh.dll
0x00007ffa85220000 - 0x00007ffa8525b000 	C:\WINDOWS\SYSTEM32\dxcore.dll
0x00007ffa6f310000 - 0x00007ffa6f409000 	C:\WINDOWS\SYSTEM32\textinputframework.dll
0x00007ffa5cb80000 - 0x00007ffa5cbd9000 	C:\Users\Main\AppData\Local\Temp\lwjglMain\3.2.3-build-13\lwjgl_opengl.dll
0x00007ffa57830000 - 0x00007ffa57a83000 	C:\Users\Main\AppData\Local\Temp\lwjglMain\3.2.3-build-13\jemalloc.dll
0x00007ff9d5270000 - 0x00007ff9d52f9000 	C:\Program Files (x86)\Overwolf\0.173.0.16\OWExplorer.dll

dbghelp: loaded successfully - version: 4.0.5 - missing functions: none
symbol engine: initialized successfully - sym options: 0x614 - pdb path: .;C:\Program Files\Java\jdk-15.0.2\bin;C:\WINDOWS\SYSTEM32;C:\WINDOWS\WinSxS\amd64_microsoft.windows.common-controls_6595b64144ccf1df_6.0.19041.1052_none_60b8f8fd71f5e8cb;C:\Program Files\Java\jdk-15.0.2\bin\server;C:\Users\Main\AppData\Local\Temp\lwjglMain\3.2.3-build-13;C:\WINDOWS\System32\DriverStore\FileRepository\u0369070.inf_amd64_f201604fbb8aca98\B369060;C:\Program Files (x86)\Overwolf\0.173.0.16

VM Arguments:
jvm_args: -Dfile.encoding=Cp1252 -XX:+ShowCodeDetailsInExceptionMessages 
java_command: com.OpenGL.Main
java_class_path (initial): D:\Programming shit i did\Java projects\OpenGL\bin;D:\Programming shit i did\Java projects\OpenGL\dependecies\joml-1.10.1.jar;D:\Programming shit i did\Java projects\OpenGL\dependecies\joml-1.10.1-javadoc.jar;D:\Programming shit i did\Java projects\OpenGL\dependecies\lwjgl.jar;D:\Programming shit i did\Java projects\OpenGL\dependecies\lwjgl-assimp.jar;D:\Programming shit i did\Java projects\OpenGL\dependecies\lwjgl-assimp-javadoc.jar;D:\Programming shit i did\Java projects\OpenGL\dependecies\lwjgl-assimp-natives-windows.jar;D:\Programming shit i did\Java projects\OpenGL\dependecies\lwjgl-bgfx.jar;D:\Programming shit i did\Java projects\OpenGL\dependecies\lwjgl-bgfx-javadoc.jar;D:\Programming shit i did\Java projects\OpenGL\dependecies\lwjgl-bgfx-natives-windows.jar;D:\Programming shit i did\Java projects\OpenGL\dependecies\lwjgl-cuda.jar;D:\Programming shit i did\Java projects\OpenGL\dependecies\lwjgl-cuda-javadoc.jar;D:\Programming shit i did\Java projects\OpenGL\dependecies\lwjgl-egl.jar;D:\Programming shit i did\Java projects\OpenGL\dependecies\lwjgl-egl-javadoc.jar;D:\Programming shit i did\Java projects\OpenGL\dependecies\lwjgl-glfw.jar;D:\Programming shit i did\Java projects\OpenGL\dependecies\lwjgl-glfw-javadoc.jar;D:\Programming shit i did\Java projects\OpenGL\dependecies\lwjgl-glfw-natives-windows.jar;D:\Programming shit i did\Java projects\OpenGL\dependecies\lwjgl-javadoc.jar;D:\Programming shit i did\Java projects\OpenGL\dependecies\lwjgl-jawt.jar;D:\Programming shit i did\Java projects\OpenGL\dependecies\lwjgl-jawt-javadoc.jar;D:\Programming shit i did\Java projects\OpenGL\dependecies\lwjgl-jemalloc.jar;D:\Programming shit i did\Java projects\OpenGL\dependecies\lwjgl-jemalloc-javadoc.jar;D:\Programming shit i did\Java projects\OpenGL\dependecies\lwjgl-jemalloc-natives-windows.jar;D:\Programming shit i did\Java projects\OpenGL\dependecies\lwjgl-libdivide.jar;D:\Programming shit i did\Java projects\OpenGL\dependecies\lwjgl-libd
Launcher Type: SUN_STANDARD

[Global flags]
     intx CICompilerCount                          = 12                                        {product} {ergonomic}
     uint ConcGCThreads                            = 3                                         {product} {ergonomic}
     uint G1ConcRefinementThreads                  = 13                                        {product} {ergonomic}
   size_t G1HeapRegionSize                         = 1048576                                   {product} {ergonomic}
    uintx GCDrainStackTargetSize                   = 64                                        {product} {ergonomic}
   size_t InitialHeapSize                          = 134217728                                 {product} {ergonomic}
   size_t MarkStackSize                            = 4194304                                   {product} {ergonomic}
   size_t MaxHeapSize                              = 2130706432                                {product} {ergonomic}
   size_t MaxNewSize                               = 1278214144                                {product} {ergonomic}
   size_t MinHeapDeltaBytes                        = 1048576                                   {product} {ergonomic}
   size_t MinHeapSize                              = 8388608                                   {product} {ergonomic}
    uintx NonNMethodCodeHeapSize                   = 7602480                                {pd product} {ergonomic}
    uintx NonProfiledCodeHeapSize                  = 122027880                              {pd product} {ergonomic}
    uintx ProfiledCodeHeapSize                     = 122027880                              {pd product} {ergonomic}
    uintx ReservedCodeCacheSize                    = 251658240                              {pd product} {ergonomic}
     bool SegmentedCodeCache                       = true                                      {product} {ergonomic}
     bool ShowCodeDetailsInExceptionMessages       = true                                   {manageable} {command line}
   size_t SoftMaxHeapSize                          = 2130706432                             {manageable} {ergonomic}
     bool UseCompressedClassPointers               = true                                 {lp64_product} {ergonomic}
     bool UseCompressedOops                        = true                                 {lp64_product} {ergonomic}
     bool UseG1GC                                  = true                                      {product} {ergonomic}
     bool UseLargePagesIndividualAllocation        = false                                  {pd product} {ergonomic}

Logging:
Log output configuration:
 #0: stdout all=warning uptime,level,tags
 #1: stderr all=off uptime,level,tags

Environment Variables:
JAVA_HOME=C:\Program Files\Java\jdk-15.0.2
PATH=C:/Program Files/Java/jdk-15.0.2/bin/server;C:/Program Files/Java/jdk-15.0.2/bin;C:\MinGW\mingw64\bin;C:\Program Files\Java\jdk-15.0.2;%JAVA_HOME%\bin;C:\Program Files\Common Files\Oracle\Java\javapath;C:\Program Files (x86)\Common Files\Oracle\Java\javapath;C:\Program Files\gradle-6.8.3\bin;C:\Python39\Scripts\;C:\Python39\;C:\WINDOWS\system32;C:\WINDOWS;C:\WINDOWS\System32\Wbem;C:\WINDOWS\System32\WindowsPowerShell\v1.0\;C:\WINDOWS\System32\OpenSSH\;C:\ProgramData\chocolatey\bin;C:\Program Files\Microsoft SQL Server\130\Tools\Binn\;D:\PerfLogs\bin;D:\Program Files\nodejs\;C:\Users\Main\AppData\Local\Programs\Python\Python39;C:\Python39\Scripts\pip.exe;C:\Program Files\dotnet\;C:\Users\Main\Desktop\Programmin shit i did\C++ games\SDL\SDL\Dependacies\SDL\lib\x86;D:\Program Files\CMake\bin;C:\Users\Main\AppData\Local\Programs\Python\Python39\Scripts\;C:\Users\Main\AppData\Local\Programs\Python\Python39\;C:\Users\Main\anaconda3\New folder;C:\Users\Main\anaconda3\New folder\Library\mingw-w64\bin;C:\Users\Main\anaconda3\New folder\Library\usr\bin;C:\Users\Main\anaconda3\New folder\Library\bin;C:\Users\Main\anaconda3\New folder\Scripts;C:\Users\Main\AppData\Local\Microsoft\WindowsApps;C:\Users\Main\AppData\Roaming\npm;C:\Users\Main\.dotnet\tools;C:\Users\Main\AppData\Local\Programs\Microsoft VS Code\bin;C:\Users\Main\AppData\Local\GitHubDesktop\bin;C:\Users\Main\Desktop;
USERNAME=Main
OS=Windows_NT
PROCESSOR_IDENTIFIER=AMD64 Family 23 Model 8 Stepping 2, AuthenticAMD



---------------  S Y S T E M  ---------------

OS:
 Windows 10 , 64 bit Build 19041 (10.0.19041.1023)
OS uptime: 0 days 11:13 hours

CPU: total 16 (initial active 16) (16 cores per cpu, 2 threads per core) family 23 model 8 stepping 2 microcode 0x0, cmov, cx8, fxsr, mmx, sse, sse2, sse3, ssse3, sse4.1, sse4.2, popcnt, vzeroupper, avx, avx2, aes, clmul, 3dnowpref, lzcnt, sse4a, ht, tsc, tscinvbit, tscinv, bmi1, bmi2, adx, sha, fma, clflush, clflushopt

Memory: 4k page, system-wide physical 8123M (2178M free)
TotalPageFile size 22459M (AvailPageFile size 8014M)
current process WorkingSet (physical memory assigned to process): 100M, peak: 100M
current process commit charge ("private bytes"): 332M, peak: 332M

vm_info: Java HotSpot(TM) 64-Bit Server VM (15.0.2+7-27) for windows-amd64 JRE (15.0.2+7-27), built on Dec  7 2020 20:07:01 by "mach5one" with unknown MS VC++:1925

END.
